{"/Users/asyalem/Desktop/miy/express.learn/downloader-uploader/spec/example-spec.js":{"path":"/Users/asyalem/Desktop/miy/express.learn/downloader-uploader/spec/example-spec.js","s":{"1":1,"2":1,"3":0,"4":0,"5":0,"6":0,"7":0,"8":0,"9":0,"10":0,"11":0,"12":0,"13":0,"14":0,"15":0,"16":0,"17":0,"18":0,"19":0,"20":0,"21":0,"22":0,"23":0,"24":0,"25":0,"26":0,"27":0,"28":0,"29":0,"30":0,"31":0,"32":0,"33":0,"34":0,"35":0,"36":0},"b":{"1":[0,0],"2":[0,0]},"f":{},"fnMap":{},"statementMap":{"1":{"start":{"line":1,"column":0},"end":{"line":18,"column":21}},"2":{"start":{"line":22,"column":0},"end":{"line":86,"column":3}},"3":{"start":{"line":23,"column":4},"end":{"line":29,"column":13}},"4":{"start":{"line":24,"column":4},"end":{"line":29,"column":10}},"5":{"start":{"line":25,"column":12},"end":{"line":28,"column":69}},"6":{"start":{"line":28,"column":32},"end":{"line":28,"column":67}},"7":{"start":{"line":31,"column":4},"end":{"line":49,"column":8}},"8":{"start":{"line":32,"column":8},"end":{"line":39,"column":12}},"9":{"start":{"line":33,"column":12},"end":{"line":36,"column":15}},"10":{"start":{"line":37,"column":12},"end":{"line":37,"column":43}},"11":{"start":{"line":38,"column":12},"end":{"line":38,"column":19}},"12":{"start":{"line":40,"column":8},"end":{"line":48,"column":10}},"13":{"start":{"line":41,"column":12},"end":{"line":45,"column":15}},"14":{"start":{"line":46,"column":12},"end":{"line":46,"column":43}},"15":{"start":{"line":47,"column":12},"end":{"line":47,"column":19}},"16":{"start":{"line":50,"column":4},"end":{"line":69,"column":7}},"17":{"start":{"line":51,"column":7},"end":{"line":54,"column":11}},"18":{"start":{"line":52,"column":11},"end":{"line":52,"column":54}},"19":{"start":{"line":53,"column":11},"end":{"line":53,"column":18}},"20":{"start":{"line":55,"column":8},"end":{"line":61,"column":11}},"21":{"start":{"line":56,"column":12},"end":{"line":59,"column":14}},"22":{"start":{"line":58,"column":16},"end":{"line":58,"column":48}},"23":{"start":{"line":60,"column":12},"end":{"line":60,"column":19}},"24":{"start":{"line":62,"column":7},"end":{"line":67,"column":10}},"25":{"start":{"line":63,"column":11},"end":{"line":63,"column":52}},"26":{"start":{"line":64,"column":11},"end":{"line":64,"column":54}},"27":{"start":{"line":65,"column":11},"end":{"line":65,"column":41}},"28":{"start":{"line":66,"column":11},"end":{"line":66,"column":18}},"29":{"start":{"line":70,"column":4},"end":{"line":84,"column":6}},"30":{"start":{"line":71,"column":8},"end":{"line":78,"column":12}},"31":{"start":{"line":72,"column":8},"end":{"line":77,"column":65}},"32":{"start":{"line":77,"column":28},"end":{"line":77,"column":63}},"33":{"start":{"line":79,"column":8},"end":{"line":83,"column":11}},"34":{"start":{"line":80,"column":12},"end":{"line":80,"column":45}},"35":{"start":{"line":81,"column":12},"end":{"line":81,"column":41}},"36":{"start":{"line":82,"column":12},"end":{"line":82,"column":19}}},"branchMap":{"1":{"line":28,"type":"cond-expr","locations":[{"start":{"line":28,"column":42},"end":{"line":28,"column":58}},{"start":{"line":28,"column":61},"end":{"line":28,"column":67}}]},"2":{"line":77,"type":"cond-expr","locations":[{"start":{"line":77,"column":38},"end":{"line":77,"column":54}},{"start":{"line":77,"column":57},"end":{"line":77,"column":63}}]}}}}